<?xml version="1.0" encoding="UTF-8"?>
<!-- Generated by org.testng.reporters.JUnitReportReporter -->
<testsuite skipped="0" hostname="LAPTOP-SR9OPSDN" name="testcases.TC002Logout" tests="1" failures="0" timestamp="07 May 2022 16:47:47 GMT" time="1.653" errors="0">
  <testcase name="verifyLogout" time="1.653" classname="testcases.TC002Logout"/>
</testsuite> <!-- testcases.TC002Logout -->
