<?xml version="1.0" encoding="UTF-8"?>
<!-- Generated by org.testng.reporters.JUnitReportReporter -->
<testsuite skipped="0" hostname="LAPTOP-SR9OPSDN" name="testcases.TC002Logout" tests="1" failures="0" timestamp="06 May 2022 00:52:45 GMT" time="2.322" errors="0">
  <testcase name="verifyLogout" time="2.322" classname="testcases.TC002Logout"/>
</testsuite> <!-- testcases.TC002Logout -->
