<?xml version="1.0" encoding="UTF-8"?>
<!-- Generated by org.testng.reporters.JUnitReportReporter -->
<testsuite skipped="0" hostname="LAPTOP-SR9OPSDN" name="testcases.TC005AddEntitlements" tests="1" failures="0" timestamp="07 May 2022 16:47:47 GMT" time="7.407" errors="0">
  <testcase name="addentitlements" time="7.407" classname="testcases.TC005AddEntitlements"/>
</testsuite> <!-- testcases.TC005AddEntitlements -->
