<?xml version="1.0" encoding="UTF-8"?>
<!-- Generated by org.testng.reporters.JUnitReportReporter -->
<testsuite skipped="0" hostname="LAPTOP-SR9OPSDN" name="testcases.TC001verifyLogin" tests="1" failures="0" timestamp="28 Apr 2022 17:06:26 GMT" time="4.124" errors="0">
  <testcase name="verifyLogin" time="4.124" classname="testcases.TC001verifyLogin"/>
</testsuite> <!-- testcases.TC001verifyLogin -->
