<?xml version="1.0" encoding="UTF-8"?>
<!-- Generated by org.testng.reporters.JUnitReportReporter -->
<testsuite skipped="0" hostname="LAPTOP-SR9OPSDN" name="testcases.TC005AddEntitlements" tests="1" failures="0" timestamp="06 May 2022 00:52:45 GMT" time="7.168" errors="0">
  <testcase name="addentitlements" time="7.168" classname="testcases.TC005AddEntitlements"/>
</testsuite> <!-- testcases.TC005AddEntitlements -->
