<?xml version="1.0" encoding="UTF-8"?>
<!-- Generated by org.testng.reporters.JUnitReportReporter -->
<testsuite skipped="0" hostname="LAPTOP-SR9OPSDN" name="testcases.TC009WelcomeSupport" tests="1" failures="0" timestamp="05 May 2022 01:52:53 GMT" time="7.778" errors="0">
  <testcase name="verifysupport" time="7.778" classname="testcases.TC009WelcomeSupport"/>
</testsuite> <!-- testcases.TC009WelcomeSupport -->
