<?xml version="1.0" encoding="UTF-8"?>
<!-- Generated by org.testng.reporters.JUnitReportReporter -->
<testsuite skipped="0" hostname="LAPTOP-SR9OPSDN" name="testcases.TC009WelcomeSupport" tests="1" failures="0" timestamp="07 May 2022 13:49:50 GMT" time="1.073" errors="0">
  <testcase name="verifysupport" time="1.073" classname="testcases.TC009WelcomeSupport"/>
</testsuite> <!-- testcases.TC009WelcomeSupport -->
