<?xml version="1.0" encoding="UTF-8"?>
<!-- Generated by org.testng.reporters.JUnitReportReporter -->
<testsuite skipped="0" hostname="LAPTOP-SR9OPSDN" name="testcases.TC001Login" tests="1" failures="0" timestamp="07 May 2022 16:47:47 GMT" time="4.677" errors="0">
  <testcase name="verifyLogin" time="4.677" classname="testcases.TC001Login"/>
</testsuite> <!-- testcases.TC001Login -->
