<?xml version="1.0" encoding="UTF-8"?>
<!-- Generated by org.testng.reporters.JUnitReportReporter -->
<testsuite skipped="0" hostname="LAPTOP-SR9OPSDN" name="testcases.TC008WelcomeAbout" tests="1" failures="0" timestamp="07 May 2022 16:47:47 GMT" time="1.346" errors="0">
  <testcase name="verifyabout" time="1.346" classname="testcases.TC008WelcomeAbout"/>
</testsuite> <!-- testcases.TC008WelcomeAbout -->
