<?xml version="1.0" encoding="UTF-8"?>
<!-- Generated by org.testng.reporters.JUnitReportReporter -->
<testsuite skipped="0" hostname="LAPTOP-SR9OPSDN" name="testcases.TC009WelcomeSupport" tests="1" failures="0" timestamp="07 May 2022 16:50:06 GMT" time="6.757" errors="0">
  <testcase name="verifysupport" time="6.757" classname="testcases.TC009WelcomeSupport"/>
</testsuite> <!-- testcases.TC009WelcomeSupport -->
