<?xml version="1.0" encoding="UTF-8"?>
<!-- Generated by org.testng.reporters.JUnitReportReporter -->
<testsuite skipped="0" hostname="LAPTOP-SR9OPSDN" name="testcases.TC007EmployeeEntitlements" tests="1" failures="0" timestamp="06 May 2022 00:52:45 GMT" time="3.644" errors="0">
  <testcase name="searchemployee" time="3.644" classname="testcases.TC007EmployeeEntitlements"/>
</testsuite> <!-- testcases.TC007EmployeeEntitlements -->
