<?xml version="1.0" encoding="UTF-8"?>
<!-- Generated by org.testng.reporters.JUnitReportReporter -->
<testsuite skipped="0" hostname="LAPTOP-SR9OPSDN" name="testcases.TC008About" tests="1" failures="0" timestamp="04 May 2022 22:07:19 GMT" time="2.327" errors="0">
  <testcase name="verifyabout" time="2.327" classname="testcases.TC008About"/>
</testsuite> <!-- testcases.TC008About -->
