<?xml version="1.0" encoding="UTF-8"?>
<!-- Generated by org.testng.reporters.JUnitReportReporter -->
<testsuite skipped="0" hostname="LAPTOP-SR9OPSDN" name="testcases.TC006Window" tests="1" failures="0" timestamp="05 May 2022 01:33:25 GMT" time="12.015" errors="0">
  <testcase name="windowhandler" time="12.015" classname="testcases.TC006Window"/>
</testsuite> <!-- testcases.TC006Window -->
