<?xml version="1.0" encoding="UTF-8"?>
<!-- Generated by org.testng.reporters.JUnitReportReporter -->
<testsuite skipped="0" hostname="LAPTOP-SR9OPSDN" name="testcases.TC003ApplyLeave" tests="1" failures="0" timestamp="05 May 2022 01:33:25 GMT" time="5.950" errors="0">
  <testcase name="applyleave" time="5.950" classname="testcases.TC003ApplyLeave"/>
</testsuite> <!-- testcases.TC003ApplyLeave -->
