<?xml version="1.0" encoding="UTF-8"?>
<!-- Generated by org.testng.reporters.JUnitReportReporter -->
<testsuite skipped="0" hostname="LAPTOP-SR9OPSDN" name="testcases.TC005Entitlements" tests="1" failures="0" timestamp="03 May 2022 03:28:28 GMT" time="5.234" errors="0">
  <testcase name="addentitlements" time="5.234" classname="testcases.TC005Entitlements"/>
</testsuite> <!-- testcases.TC005Entitlements -->
