<?xml version="1.0" encoding="UTF-8"?>
<!-- Generated by org.testng.reporters.JUnitReportReporter -->
<testsuite skipped="0" hostname="LAPTOP-SR9OPSDN" name="testcases.TC006Window" tests="1" failures="0" timestamp="07 May 2022 13:49:50 GMT" time="10.071" errors="0">
  <testcase name="windowhandler" time="10.071" classname="testcases.TC006Window"/>
</testsuite> <!-- testcases.TC006Window -->
